
Lmod is automatically replacing "cce/16.0.1" with "gcc/11.2.0".


Lmod is automatically replacing "PrgEnv-cray/8.4.0" with "PrgEnv-gnu/8.4.0".


Due to MODULEPATH changes, the following have been reloaded:
  1) cray-mpich/8.1.27

HPL ERROR from process # 0, on line 419 of function HPL_pdinfo:
>>> Need at least 1024 processes for these tests <<<

HPL ERROR from process # 0, on line 621 of function HPL_pdinfo:
>>> Illegal input in file HPL.dat. Exiting ... <<<

srun: error: nid002102: tasks 256-383: Exited with exit code 1
srun: launch/slurm: _step_signal: Terminating StepId=11325479.0
srun: error: nid002097: tasks 0-20,22-80,82-127: Exited with exit code 1
srun: error: nid002100: tasks 128-144,146-152,154-157,159-173,175-229,231-244,246-255: Exited with exit code 1
slurmstepd: error: *** STEP 11325479.0 ON nid002097 CANCELLED AT 2025-10-26T17:58:07 ***
srun: error: nid002583: tasks 384-430,432-472,474-511: Exited with exit code 1
srun: error: nid002100: task 158: Exited with exit code 1
srun: error: nid002097: tasks 21,81: Exited with exit code 1
srun: error: nid002583: tasks 431,473: Exited with exit code 1
srun: error: nid002100: task 145: Terminated
srun: error: nid002100: tasks 153,174,230,245: Terminated
srun: error: nid002636: tasks 512-541,543-639: Terminated
srun: error: nid002636: task 542: Terminated
srun: Force Terminated StepId=11325479.0
